<?xml version="1.0" encoding="UTF-8"?>
<testng-results skipped="0" failed="0" total="1" passed="1">
  <reporter-output>
  </reporter-output>
  <suite name="Default suite" duration-ms="5710" started-at="2021-11-27T05:40:03Z" finished-at="2021-11-27T05:40:09Z">
    <groups>
    </groups>
    <test name="Default test" duration-ms="5710" started-at="2021-11-27T05:40:03Z" finished-at="2021-11-27T05:40:09Z">
      <class name="EcommerceMobiles">
        <test-method status="PASS" signature="beforeclass()[pri:0, instance:EcommerceMobiles@589838eb]" name="beforeclass" is-config="true" duration-ms="1849" started-at="2021-11-27T11:10:03Z" finished-at="2021-11-27T11:10:05Z">
          <reporter-output>
          </reporter-output>
        </test-method> <!-- beforeclass -->
        <test-method status="PASS" signature="beforemethod()[pri:0, instance:EcommerceMobiles@589838eb]" name="beforemethod" is-config="true" duration-ms="2" started-at="2021-11-27T11:10:05Z" finished-at="2021-11-27T11:10:05Z">
          <reporter-output>
          </reporter-output>
        </test-method> <!-- beforemethod -->
        <test-method status="PASS" signature="test1()[pri:0, instance:EcommerceMobiles@589838eb]" name="test1" duration-ms="3850" started-at="2021-11-27T11:10:05Z" finished-at="2021-11-27T11:10:09Z">
          <reporter-output>
          </reporter-output>
        </test-method> <!-- test1 -->
        <test-method status="PASS" signature="aftermethod()[pri:0, instance:EcommerceMobiles@589838eb]" name="aftermethod" is-config="true" duration-ms="0" started-at="2021-11-27T11:10:09Z" finished-at="2021-11-27T11:10:09Z">
          <reporter-output>
          </reporter-output>
        </test-method> <!-- aftermethod -->
        <test-method status="PASS" signature="afterclass()[pri:0, instance:EcommerceMobiles@589838eb]" name="afterclass" is-config="true" duration-ms="0" started-at="2021-11-27T11:10:09Z" finished-at="2021-11-27T11:10:09Z">
          <reporter-output>
          </reporter-output>
        </test-method> <!-- afterclass -->
      </class> <!-- EcommerceMobiles -->
    </test> <!-- Default test -->
  </suite> <!-- Default suite -->
</testng-results>
